2022-04-27 19:46:59 [main] INFO  c.e.P.Project1AwbdApplication                      - Starting Project1AwbdApplication using Java 18 on AndreeaDebu with PID 10888 (D:\AWBD P\target\classes started by WIND 10 in D:\AWBD P) 
2022-04-27 19:46:59 [main] INFO  c.e.P.Project1AwbdApplication                      - The following 1 profile is active: "mysql" 
2022-04-27 19:48:17 [main] INFO  c.e.P.Project1AwbdApplication                      - Starting Project1AwbdApplication using Java 18 on AndreeaDebu with PID 11724 (D:\AWBD P\target\classes started by WIND 10 in D:\AWBD P) 
2022-04-27 19:48:17 [main] INFO  c.e.P.Project1AwbdApplication                      - The following 1 profile is active: "mysql" 
2022-04-27 19:48:22 [main] INFO  c.e.P.Project1AwbdApplication                      - Started Project1AwbdApplication in 5.931 seconds (JVM running for 7.179) 
2022-04-27 19:48:54 [main] INFO  c.e.P.Project1AwbdApplication                      - Starting Project1AwbdApplication using Java 18 on AndreeaDebu with PID 8736 (D:\AWBD P\target\classes started by WIND 10 in D:\AWBD P) 
2022-04-27 19:48:54 [main] INFO  c.e.P.Project1AwbdApplication                      - The following 1 profile is active: "mysql" 
2022-04-27 19:48:59 [main] INFO  c.e.P.Project1AwbdApplication                      - Started Project1AwbdApplication in 5.06 seconds (JVM running for 6.185) 
2022-04-27 19:50:47 [main] INFO  c.e.P.Project1AwbdApplication                      - Starting Project1AwbdApplication using Java 18 on AndreeaDebu with PID 11876 (D:\AWBD P\target\classes started by WIND 10 in D:\AWBD P) 
2022-04-27 19:50:47 [main] INFO  c.e.P.Project1AwbdApplication                      - The following 1 profile is active: "mysql" 
2022-04-27 19:50:52 [main] INFO  c.e.P.Project1AwbdApplication                      - Started Project1AwbdApplication in 5.74 seconds (JVM running for 6.95) 
2022-04-27 19:51:28 [main] INFO  c.e.P.Project1AwbdApplication                      - Starting Project1AwbdApplication using Java 18 on AndreeaDebu with PID 17264 (D:\AWBD P\target\classes started by WIND 10 in D:\AWBD P) 
2022-04-27 19:51:28 [main] INFO  c.e.P.Project1AwbdApplication                      - The following 1 profile is active: "mysql" 
2022-04-27 19:51:33 [main] INFO  c.e.P.Project1AwbdApplication                      - Started Project1AwbdApplication in 4.831 seconds (JVM running for 6.053) 
2022-04-27 19:53:40 [main] INFO  c.e.P.Project1AwbdApplication                      - Starting Project1AwbdApplication using Java 18 on AndreeaDebu with PID 12300 (D:\AWBD P\target\classes started by WIND 10 in D:\AWBD P) 
2022-04-27 19:53:40 [main] INFO  c.e.P.Project1AwbdApplication                      - The following 1 profile is active: "mysql" 
2022-04-27 19:53:45 [main] INFO  c.e.P.Project1AwbdApplication                      - Started Project1AwbdApplication in 5.705 seconds (JVM running for 6.835) 
2022-04-27 19:54:56 [main] INFO  c.e.P.Project1AwbdApplication                      - Starting Project1AwbdApplication using Java 18 on AndreeaDebu with PID 4060 (D:\AWBD P\target\classes started by WIND 10 in D:\AWBD P) 
2022-04-27 19:54:56 [main] INFO  c.e.P.Project1AwbdApplication                      - The following 1 profile is active: "mysql" 
2022-04-27 19:55:02 [main] INFO  c.e.P.Project1AwbdApplication                      - Started Project1AwbdApplication in 6.413 seconds (JVM running for 7.62) 
2022-04-27 19:56:20 [main] INFO  c.e.P.Project1AwbdApplication                      - Starting Project1AwbdApplication using Java 18 on AndreeaDebu with PID 16804 (D:\AWBD P\target\classes started by WIND 10 in D:\AWBD P) 
2022-04-27 19:56:20 [main] INFO  c.e.P.Project1AwbdApplication                      - The following 1 profile is active: "mysql" 
2022-04-27 19:56:25 [main] INFO  c.e.P.Project1AwbdApplication                      - Started Project1AwbdApplication in 5.525 seconds (JVM running for 6.726) 
2022-04-27 19:57:42 [main] INFO  c.e.P.Project1AwbdApplication                      - Starting Project1AwbdApplication using Java 18 on AndreeaDebu with PID 14312 (D:\AWBD P\target\classes started by WIND 10 in D:\AWBD P) 
2022-04-27 19:57:42 [main] INFO  c.e.P.Project1AwbdApplication                      - The following 1 profile is active: "mysql" 
2022-04-27 19:57:46 [main] INFO  c.e.P.Project1AwbdApplication                      - Started Project1AwbdApplication in 5.048 seconds (JVM running for 6.042) 
2022-04-27 20:00:06 [main] INFO  c.e.P.Project1AwbdApplication                      - Starting Project1AwbdApplication using Java 18 on AndreeaDebu with PID 3836 (D:\AWBD P\target\classes started by WIND 10 in D:\AWBD P) 
2022-04-27 20:00:06 [main] INFO  c.e.P.Project1AwbdApplication                      - The following 1 profile is active: "mysql" 
2022-04-27 20:00:10 [main] INFO  c.e.P.Project1AwbdApplication                      - Started Project1AwbdApplication in 5.214 seconds (JVM running for 6.322) 
2022-04-27 20:01:03 [main] INFO  c.e.P.Project1AwbdApplication                      - Starting Project1AwbdApplication using Java 18 on AndreeaDebu with PID 8464 (D:\AWBD P\target\classes started by WIND 10 in D:\AWBD P) 
2022-04-27 20:01:03 [main] INFO  c.e.P.Project1AwbdApplication                      - The following 1 profile is active: "mysql" 
2022-04-27 20:01:08 [main] INFO  c.e.P.Project1AwbdApplication                      - Started Project1AwbdApplication in 5.386 seconds (JVM running for 6.517) 
2022-04-27 20:09:26 [main] INFO  c.e.P.Project1AwbdApplication                      - Starting Project1AwbdApplication using Java 18 on AndreeaDebu with PID 500 (D:\AWBD P\target\classes started by WIND 10 in D:\AWBD P) 
2022-04-27 20:09:26 [main] INFO  c.e.P.Project1AwbdApplication                      - The following 1 profile is active: "mysql" 
2022-04-27 20:09:31 [main] INFO  c.e.P.Project1AwbdApplication                      - Started Project1AwbdApplication in 5.648 seconds (JVM running for 6.842) 
2022-04-27 20:11:50 [main] INFO  c.e.P.Project1AwbdApplication                      - Starting Project1AwbdApplication using Java 18 on AndreeaDebu with PID 12884 (D:\AWBD P\target\classes started by WIND 10 in D:\AWBD P) 
2022-04-27 20:11:50 [main] INFO  c.e.P.Project1AwbdApplication                      - The following 1 profile is active: "mysql" 
2022-04-27 20:11:55 [main] INFO  c.e.P.Project1AwbdApplication                      - Started Project1AwbdApplication in 5.222 seconds (JVM running for 6.336) 
2022-04-27 20:20:14 [main] INFO  c.e.P.Project1AwbdApplication                      - Starting Project1AwbdApplication using Java 18 on AndreeaDebu with PID 15488 (D:\AWBD P\target\classes started by WIND 10 in D:\AWBD P) 
2022-04-27 20:20:14 [main] INFO  c.e.P.Project1AwbdApplication                      - The following 1 profile is active: "mysql" 
2022-04-27 20:20:19 [main] INFO  c.e.P.Project1AwbdApplication                      - Started Project1AwbdApplication in 5.228 seconds (JVM running for 6.285) 
2022-04-27 20:23:24 [main] INFO  c.e.P.Project1AwbdApplication                      - Starting Project1AwbdApplication using Java 18 on AndreeaDebu with PID 552 (D:\AWBD P\target\classes started by WIND 10 in D:\AWBD P) 
2022-04-27 20:23:24 [main] INFO  c.e.P.Project1AwbdApplication                      - The following 1 profile is active: "mysql" 
2022-04-27 20:23:29 [main] INFO  c.e.P.Project1AwbdApplication                      - Started Project1AwbdApplication in 4.923 seconds (JVM running for 6.018) 
2022-04-27 20:25:05 [main] INFO  c.e.P.Project1AwbdApplication                      - Starting Project1AwbdApplication using Java 18 on AndreeaDebu with PID 7916 (D:\AWBD P\target\classes started by WIND 10 in D:\AWBD P) 
2022-04-27 20:25:05 [main] INFO  c.e.P.Project1AwbdApplication                      - The following 1 profile is active: "mysql" 
2022-04-27 20:25:10 [main] INFO  c.e.P.Project1AwbdApplication                      - Started Project1AwbdApplication in 5.664 seconds (JVM running for 7.006) 
2022-04-27 20:27:37 [main] INFO  c.e.P.Project1AwbdApplication                      - Starting Project1AwbdApplication using Java 18 on AndreeaDebu with PID 8440 (D:\AWBD P\target\classes started by WIND 10 in D:\AWBD P) 
2022-04-27 20:27:37 [main] INFO  c.e.P.Project1AwbdApplication                      - The following 1 profile is active: "mysql" 
2022-04-27 20:27:42 [main] INFO  c.e.P.Project1AwbdApplication                      - Started Project1AwbdApplication in 5.529 seconds (JVM running for 6.654) 
2022-04-27 20:37:23 [main] INFO  c.e.P.Project1AwbdApplication                      - Starting Project1AwbdApplication using Java 18 on AndreeaDebu with PID 9956 (D:\AWBD P\target\classes started by WIND 10 in D:\AWBD P) 
2022-04-27 20:37:23 [main] INFO  c.e.P.Project1AwbdApplication                      - The following 1 profile is active: "mysql" 
2022-04-27 20:37:29 [main] INFO  c.e.P.Project1AwbdApplication                      - Started Project1AwbdApplication in 5.986 seconds (JVM running for 7.197) 
2022-04-27 20:40:19 [main] INFO  c.e.P.Project1AwbdApplication                      - Starting Project1AwbdApplication using Java 18 on AndreeaDebu with PID 11108 (D:\AWBD P\target\classes started by WIND 10 in D:\AWBD P) 
2022-04-27 20:40:19 [main] INFO  c.e.P.Project1AwbdApplication                      - The following 1 profile is active: "mysql" 
2022-04-27 20:40:24 [main] INFO  c.e.P.Project1AwbdApplication                      - Started Project1AwbdApplication in 5.407 seconds (JVM running for 6.503) 
2022-04-27 20:41:35 [main] INFO  c.e.P.Project1AwbdApplication                      - Starting Project1AwbdApplication using Java 18 on AndreeaDebu with PID 17704 (D:\AWBD P\target\classes started by WIND 10 in D:\AWBD P) 
2022-04-27 20:41:35 [main] INFO  c.e.P.Project1AwbdApplication                      - The following 1 profile is active: "mysql" 
2022-04-27 20:41:40 [main] INFO  c.e.P.Project1AwbdApplication                      - Started Project1AwbdApplication in 5.164 seconds (JVM running for 6.264) 
2022-04-27 20:44:52 [main] INFO  c.e.P.Project1AwbdApplication                      - Starting Project1AwbdApplication using Java 18 on AndreeaDebu with PID 17060 (D:\AWBD P\target\classes started by WIND 10 in D:\AWBD P) 
2022-04-27 20:44:52 [main] INFO  c.e.P.Project1AwbdApplication                      - The following 1 profile is active: "mysql" 
2022-04-27 20:44:59 [main] INFO  c.e.P.Project1AwbdApplication                      - Started Project1AwbdApplication in 7.023 seconds (JVM running for 9.085) 
2022-04-27 20:47:52 [main] INFO  c.e.P.Project1AwbdApplication                      - Starting Project1AwbdApplication using Java 18 on AndreeaDebu with PID 17776 (D:\AWBD P\target\classes started by WIND 10 in D:\AWBD P) 
2022-04-27 20:47:52 [main] INFO  c.e.P.Project1AwbdApplication                      - The following 1 profile is active: "mysql" 
2022-04-27 20:47:58 [main] INFO  c.e.P.Project1AwbdApplication                      - Started Project1AwbdApplication in 6.138 seconds (JVM running for 7.572) 
2022-04-27 20:48:10 [main] INFO  c.e.P.Project1AwbdApplication                      - Starting Project1AwbdApplication using Java 18 on AndreeaDebu with PID 6876 (D:\AWBD P\target\classes started by WIND 10 in D:\AWBD P) 
2022-04-27 20:48:10 [main] INFO  c.e.P.Project1AwbdApplication                      - The following 1 profile is active: "mysql" 
2022-04-27 20:48:16 [main] INFO  c.e.P.Project1AwbdApplication                      - Started Project1AwbdApplication in 6.539 seconds (JVM running for 7.805) 
2022-04-27 20:49:09 [main] INFO  c.e.P.Project1AwbdApplication                      - Starting Project1AwbdApplication using Java 18 on AndreeaDebu with PID 10168 (D:\AWBD P\target\classes started by WIND 10 in D:\AWBD P) 
2022-04-27 20:49:09 [main] INFO  c.e.P.Project1AwbdApplication                      - The following 1 profile is active: "mysql" 
2022-04-27 20:49:15 [main] INFO  c.e.P.Project1AwbdApplication                      - Started Project1AwbdApplication in 6.058 seconds (JVM running for 7.347) 
2022-04-27 21:11:02 [main] INFO  c.e.P.Project1AwbdApplication                      - Starting Project1AwbdApplication using Java 18 on AndreeaDebu with PID 1512 (D:\AWBD P\target\classes started by WIND 10 in D:\AWBD P) 
2022-04-27 21:11:02 [main] INFO  c.e.P.Project1AwbdApplication                      - The following 1 profile is active: "mysql" 
2022-04-27 21:11:14 [main] INFO  c.e.P.Project1AwbdApplication                      - Starting Project1AwbdApplication using Java 18 on AndreeaDebu with PID 11676 (D:\AWBD P\target\classes started by WIND 10 in D:\AWBD P) 
2022-04-27 21:11:14 [main] INFO  c.e.P.Project1AwbdApplication                      - The following 1 profile is active: "mysql" 
2022-04-27 21:11:20 [main] INFO  c.e.P.Project1AwbdApplication                      - Started Project1AwbdApplication in 5.836 seconds (JVM running for 6.972) 
2022-04-27 21:11:41 [main] INFO  c.e.P.Project1AwbdApplication                      - Starting Project1AwbdApplication using Java 18 on AndreeaDebu with PID 8408 (D:\AWBD P\target\classes started by WIND 10 in D:\AWBD P) 
2022-04-27 21:11:41 [main] INFO  c.e.P.Project1AwbdApplication                      - The following 1 profile is active: "mysql" 
2022-04-27 21:11:46 [main] INFO  c.e.P.Project1AwbdApplication                      - Started Project1AwbdApplication in 5.036 seconds (JVM running for 6.307) 
2022-04-27 21:35:03 [main] INFO  c.e.P.s.RecipeServiceImplTest                      - Starting RecipeServiceImplTest using Java 18 on AndreeaDebu with PID 9368 (started by WIND 10 in D:\AWBD P) 
2022-04-27 21:35:03 [main] INFO  c.e.P.s.RecipeServiceImplTest                      - The following 1 profile is active: "mysql" 
2022-04-27 21:35:09 [main] INFO  c.e.P.s.RecipeServiceImplTest                      - Started RecipeServiceImplTest in 6.561 seconds (JVM running for 8.544) 
2022-04-27 21:36:30 [main] INFO  c.e.P.s.RecipeServiceImplTest                      - Starting RecipeServiceImplTest using Java 18 on AndreeaDebu with PID 12384 (started by WIND 10 in D:\AWBD P) 
2022-04-27 21:36:30 [main] INFO  c.e.P.s.RecipeServiceImplTest                      - The following 1 profile is active: "mysql" 
2022-04-27 21:37:08 [main] INFO  c.e.P.s.RecipeServiceImplTest                      - Starting RecipeServiceImplTest using Java 18 on AndreeaDebu with PID 16832 (started by WIND 10 in D:\AWBD P) 
2022-04-27 21:37:08 [main] INFO  c.e.P.s.RecipeServiceImplTest                      - The following 1 profile is active: "mysql" 
2022-04-27 21:39:23 [main] INFO  c.e.P.s.RecipeServiceImplTest                      - Starting RecipeServiceImplTest using Java 18 on AndreeaDebu with PID 8252 (started by WIND 10 in D:\AWBD P) 
2022-04-27 21:39:23 [main] INFO  c.e.P.s.RecipeServiceImplTest                      - The following 1 profile is active: "mysql" 
2022-04-27 21:39:28 [main] INFO  c.e.P.s.RecipeServiceImplTest                      - Started RecipeServiceImplTest in 5.468 seconds (JVM running for 7.241) 
2022-04-27 21:40:30 [main] INFO  c.e.P.s.RecipeServiceImplTest                      - Starting RecipeServiceImplTest using Java 18 on AndreeaDebu with PID 10660 (started by WIND 10 in D:\AWBD P) 
2022-04-27 21:40:30 [main] INFO  c.e.P.s.RecipeServiceImplTest                      - The following 1 profile is active: "mysql" 
2022-04-27 21:40:37 [main] INFO  c.e.P.s.RecipeServiceImplTest                      - Started RecipeServiceImplTest in 7.35 seconds (JVM running for 9.402) 
2022-04-27 21:41:35 [main] INFO  c.e.P.s.RecipeServiceImplTest                      - Starting RecipeServiceImplTest using Java 18 on AndreeaDebu with PID 13824 (started by WIND 10 in D:\AWBD P) 
2022-04-27 21:41:35 [main] INFO  c.e.P.s.RecipeServiceImplTest                      - The following 1 profile is active: "mysql" 
2022-04-27 21:41:41 [main] INFO  c.e.P.s.RecipeServiceImplTest                      - Started RecipeServiceImplTest in 6.745 seconds (JVM running for 8.82) 
2022-04-27 21:44:42 [main] INFO  c.e.P.s.RecipeServiceImplTest                      - Starting RecipeServiceImplTest using Java 18 on AndreeaDebu with PID 8088 (started by WIND 10 in D:\AWBD P) 
2022-04-27 21:44:42 [main] INFO  c.e.P.s.RecipeServiceImplTest                      - The following 1 profile is active: "mysql" 
2022-04-27 21:44:48 [main] INFO  c.e.P.s.RecipeServiceImplTest                      - Started RecipeServiceImplTest in 6.685 seconds (JVM running for 8.615) 
2022-04-27 21:45:13 [main] INFO  c.e.P.s.RecipeServiceImplTest                      - Starting RecipeServiceImplTest using Java 18 on AndreeaDebu with PID 15092 (started by WIND 10 in D:\AWBD P) 
2022-04-27 21:45:13 [main] INFO  c.e.P.s.RecipeServiceImplTest                      - The following 1 profile is active: "mysql" 
2022-04-27 21:45:19 [main] INFO  c.e.P.s.RecipeServiceImplTest                      - Started RecipeServiceImplTest in 6.1 seconds (JVM running for 8.154) 
2022-04-27 21:49:48 [main] INFO  c.e.P.s.RecipeServiceImplTest                      - Starting RecipeServiceImplTest using Java 18 on AndreeaDebu with PID 1384 (started by WIND 10 in D:\AWBD P) 
2022-04-27 21:49:48 [main] INFO  c.e.P.s.RecipeServiceImplTest                      - The following 1 profile is active: "mysql" 
2022-04-27 21:49:53 [main] INFO  c.e.P.s.RecipeServiceImplTest                      - Started RecipeServiceImplTest in 5.301 seconds (JVM running for 6.802) 
2022-04-27 21:51:47 [main] INFO  c.e.P.s.RecipeServiceImplTest                      - Starting RecipeServiceImplTest using Java 18 on AndreeaDebu with PID 15504 (started by WIND 10 in D:\AWBD P) 
2022-04-27 21:51:47 [main] INFO  c.e.P.s.RecipeServiceImplTest                      - The following 1 profile is active: "mysql" 
2022-04-27 21:51:53 [main] INFO  c.e.P.s.RecipeServiceImplTest                      - Started RecipeServiceImplTest in 5.458 seconds (JVM running for 6.942) 
2022-04-27 21:54:56 [main] INFO  c.e.P.s.RecipeServiceImplTest                      - Starting RecipeServiceImplTest using Java 18 on AndreeaDebu with PID 18044 (started by WIND 10 in D:\AWBD P) 
2022-04-27 21:54:56 [main] INFO  c.e.P.s.RecipeServiceImplTest                      - The following 1 profile is active: "mysql" 
2022-04-27 21:55:02 [main] INFO  c.e.P.s.RecipeServiceImplTest                      - Started RecipeServiceImplTest in 6.091 seconds (JVM running for 7.69) 
